<?xml version="1.0" encoding="UTF-8"?>
<!-- Generated by org.testng.reporters.JUnitReportReporter -->
<testsuite hostname="DESKTOP-DHRADAL" failures="0" tests="1" name="TestRunner.RunnerTest" time="9.746" errors="0" timestamp="2025-01-24T00:21:13 IST" skipped="0">
  <testcase classname="TestRunner.RunnerTest" name="runScenario" time="9.746"/>
  <system-out/>
</testsuite> <!-- TestRunner.RunnerTest -->
