<?xml version="1.0" encoding="UTF-8"?>
<!-- Generated by org.testng.reporters.JUnitReportReporter -->
<testsuite hostname="DESKTOP-QMUT8R4" failures="0" tests="1" name="TestRunner.RunnerTest" time="21.464" errors="0" timestamp="2025-01-24T00:50:27 IST" skipped="0">
  <testcase classname="TestRunner.RunnerTest" name="runScenario" time="21.464"/>
  <system-out/>
</testsuite> <!-- TestRunner.RunnerTest -->
