<?xml version="1.0" encoding="UTF-8"?>
<!-- Generated by org.testng.reporters.JUnitReportReporter -->
<testsuite hostname="DESKTOP-PKL9QEF" failures="0" tests="1" name="TestRunner.RunnerTest" time="9.377" errors="0" timestamp="2025-01-24T00:38:23 IST" skipped="0">
  <testcase classname="TestRunner.RunnerTest" name="runScenario" time="9.377"/>
  <system-out/>
</testsuite> <!-- TestRunner.RunnerTest -->
